Exporter version: 6.3.0, Blender version: 2.82 (sub 7)
========= Conversion from Blender to Babylon.js =========
	Scene settings used :
		Inline textures     :  false
		Material Type       :  PBR
		Positions Precision :  4
		Normals Precision   :  3
		UVs Precision       :  3
		Vert Color Precision:  3
		Mat Weight Precision:  2
		Keep Z-up r-handed  :  yes
		Texture directory   :  /home/casper/projects/babylonKt-examples/example-experiment/src/main/resources/
	Python World class constructor completed
	processing begun of mesh:  Cube
		processing begun of material:  Material
		num positions      :  36
		num normals        :  36
		num tangents       :  0
		num uvs            :  72
		num uvs2           :  0
		num colors         :  0
		num indices        :  60
	processing begun of camera (UniversalCamera):  Camera
	processing begun of mesh:  Plane
		animation processing begun
			processing action PlaneAction:  in[0 - 100], out[0 - 100]
		processing begun of material:  Material.002
		num positions      :  179
		num normals        :  179
		num tangents       :  0
		num uvs            :  358
		num uvs2           :  0
		num colors         :  0
		num indices        :  276
	processing begun of mesh:  Cylinder
		processing begun of material:  Material.001
		num positions      :  99
		num normals        :  99
		num tangents       :  0
		num uvs            :  198
		num uvs2           :  0
		num colors         :  0
		num indices        :  276
	processing begun of mesh:  Cube.001
		mesh is an instance of :  Cube.  Processing halted.
	processing begun of light (POINT):  Light
========= Writing of JSON file started =========
	writing mesh:  Cube
	writing mesh:  Plane
	writing mesh:  Cylinder
========= Writing of JSON file completed =========
========= end of processing =========
elapsed time:  0 min, 0.0501 secs
