Exporter version: 6.3.0, Blender version: 2.82 (sub 7)
========= Conversion from Blender to Babylon.js =========
	Scene settings used :
		Inline textures     :  false
		Material Type       :  PBR
		Positions Precision :  4
		Normals Precision   :  3
		UVs Precision       :  3
		Vert Color Precision:  3
		Mat Weight Precision:  2
		Keep Z-up r-handed  :  yes
		Texture directory   :  /home/casper/projects/babylonKt-examples/example-experiment/src/main/resources/
	Python World class constructor completed
	processing begun of mesh:  Cargo
		animation processing begun
			processing action CargoAction:  in[0 - 100], out[0 - 100]
		processing begun of material:  Cargo
			WARNING: unsupported node type(ShaderNodeMath) will trigger baking
			WARNING: Roughness channel baking required, but not possible, ignored
			processing texture smooth_paint
				texture type:  value not meaningful 2, mapped using: "UVMap"
			bake time:  0 min, 0.0051 secs
		num positions      :  24
		num normals        :  24
		num tangents       :  0
		num uvs            :  48
		num uvs2           :  0
		num colors         :  0
		num indices        :  36
	processing begun of camera (UniversalCamera):  Camera
	processing begun of light (POINT):  Point
========= Writing of JSON file started =========
	writing mesh:  Cargo
========= Writing of JSON file completed =========
========= end of processing =========
elapsed time:  0 min, 0.0183 secs
