Exporter version: 6.3.0, Blender version: 2.82 (sub 7)
========= Conversion from Blender to Babylon.js =========
	Scene settings used :
		Inline textures     :  false
		Material Type       :  PBR
		Positions Precision :  4
		Normals Precision   :  3
		UVs Precision       :  3
		Vert Color Precision:  3
		Mat Weight Precision:  2
		Keep Z-up r-handed  :  yes
		Texture directory   :  /home/casper/projects/Babylon/babylonKt-examples/example-experiment/src/main/resources/
			processing env texture flowerRoad_256.env
	Python World class constructor completed
	processing begun of camera (UniversalCamera):  Camera
	processing begun of mesh:  Icosphere.012
		processing begun of material:  Red
			WARNING: unsupported node type(ShaderNodeMath) will trigger baking
			WARNING: Roughness channel baking required, but not possible, ignored
			processing texture smooth_paint
				WARNING: Exception during copy:
					'/home/casper/projects/Babylon/babylonKt-examples/example-experiment/src/main/resources/smooth_paint.png' and '/home/casper/projects/Babylon/babylonKt-examples/example-experiment/src/main/resources/smooth_paint.png' are the same file
				texture type:  value not meaningful 2, mapped using: "UVMap"
			bake time:  0 min, 0.0057 secs
		num positions      :  311
		num normals        :  311
		num tangents       :  0
		num uvs            :  622
		num uvs2           :  0
		num colors         :  0
		num indices        :  960
	processing begun of mesh:  Icosphere.001
		processing begun of material:  IdealSteel
		num positions      :  274
		num normals        :  274
		num tangents       :  0
		num uvs            :  548
		num uvs2           :  0
		num colors         :  0
		num indices        :  960
	processing begun of mesh:  Icosphere.004
		processing begun of material:  Green
			WARNING: unsupported node type(ShaderNodeMath) will trigger baking
			WARNING: Roughness channel baking required, but not possible, ignored
			processing texture smooth_paint
				WARNING: Exception during copy:
					'/home/casper/projects/Babylon/babylonKt-examples/example-experiment/src/main/resources/smooth_paint.png' and '/home/casper/projects/Babylon/babylonKt-examples/example-experiment/src/main/resources/smooth_paint.png' are the same file
				texture type:  value not meaningful 2, mapped using: "UVMap"
			bake time:  0 min, 0.0051 secs
		num positions      :  311
		num normals        :  311
		num tangents       :  0
		num uvs            :  622
		num uvs2           :  0
		num colors         :  0
		num indices        :  960
	processing begun of mesh:  Icosphere.008
		processing begun of material:  Concrete
			processing texture concrete
				texture type:  diffuseTexture, mapped using: "UVMap"
		num positions      :  274
		num normals        :  274
		num tangents       :  0
		num uvs            :  548
		num uvs2           :  0
		num colors         :  0
		num indices        :  960
	processing begun of mesh:  Icosphere.011
		processing begun of material:  BLACK
			WARNING: unsupported node type(ShaderNodeHoldout) will trigger baking
			bake time:  0 min, 0.0081 secs
		num positions      :  274
		num normals        :  274
		num tangents       :  0
		num uvs            :  548
		num uvs2           :  0
		num colors         :  0
		num indices        :  960
	processing begun of mesh:  Icosphere.015
		processing begun of material:  Iron
			WARNING: unsupported node type(ShaderNodeMath) will trigger baking
			WARNING: Roughness channel baking required, but not possible, ignored
			processing texture smooth_metall
				WARNING: Exception during copy:
					'/home/casper/projects/Babylon/babylonKt-examples/example-experiment/src/main/resources/smooth_metall.png' and '/home/casper/projects/Babylon/babylonKt-examples/example-experiment/src/main/resources/smooth_metall.png' are the same file
				texture type:  value not meaningful 2, mapped using: "UVMap"
			bake time:  0 min, 0.0046 secs
		num positions      :  274
		num normals        :  274
		num tangents       :  0
		num uvs            :  548
		num uvs2           :  0
		num colors         :  0
		num indices        :  960
	processing begun of mesh:  Icosphere.016
		processing begun of material:  Gold
			WARNING: unsupported node type(ShaderNodeMath) will trigger baking
			WARNING: Roughness channel baking required, but not possible, ignored
			processing texture smooth_metall
				WARNING: Exception during copy:
					'/home/casper/projects/Babylon/babylonKt-examples/example-experiment/src/main/resources/smooth_metall.png' and '/home/casper/projects/Babylon/babylonKt-examples/example-experiment/src/main/resources/smooth_metall.png' are the same file
				texture type:  value not meaningful 2, mapped using: "UVMap"
			bake time:  0 min, 0.0047 secs
		num positions      :  274
		num normals        :  274
		num tangents       :  0
		num uvs            :  548
		num uvs2           :  0
		num colors         :  0
		num indices        :  960
	processing begun of mesh:  Cube
		processing begun of material:  IdealSteel
		registered as also a user of material:  IdealSteel
		num positions      :  29
		num normals        :  29
		num tangents       :  0
		num uvs            :  58
		num uvs2           :  0
		num colors         :  0
		num indices        :  36
	processing begun of mesh:  Suzanne
		processing begun of material:  IdealSteel
		registered as also a user of material:  IdealSteel
		num positions      :  2892
		num normals        :  2892
		num tangents       :  0
		num uvs            :  5784
		num uvs2           :  0
		num colors         :  0
		num indices        :  2904
	processing begun of mesh:  Cube.001
		processing begun of material:  Gold
			WARNING: unsupported node type(ShaderNodeMath) will trigger baking
			WARNING: Roughness channel baking required, but not possible, ignored
			processing texture smooth_metall
				WARNING: Exception during copy:
					'/home/casper/projects/Babylon/babylonKt-examples/example-experiment/src/main/resources/smooth_metall.png' and '/home/casper/projects/Babylon/babylonKt-examples/example-experiment/src/main/resources/smooth_metall.png' are the same file
				texture type:  value not meaningful 2, mapped using: "UVMap"
			bake time:  0 min, 0.0046 secs
		num positions      :  29
		num normals        :  29
		num tangents       :  0
		num uvs            :  58
		num uvs2           :  0
		num colors         :  0
		num indices        :  36
	processing begun of mesh:  Suzanne.001
		processing begun of material:  Gold
			WARNING: unsupported node type(ShaderNodeMath) will trigger baking
			WARNING: Roughness channel baking required, but not possible, ignored
			processing texture smooth_metall
				WARNING: Exception during copy:
					'/home/casper/projects/Babylon/babylonKt-examples/example-experiment/src/main/resources/smooth_metall.png' and '/home/casper/projects/Babylon/babylonKt-examples/example-experiment/src/main/resources/smooth_metall.png' are the same file
				texture type:  value not meaningful 2, mapped using: "UVMap"
			bake time:  0 min, 0.0058 secs
		num positions      :  2892
		num normals        :  2892
		num tangents       :  0
		num uvs            :  5784
		num uvs2           :  0
		num colors         :  0
		num indices        :  2904
	processing begun of mesh:  Cube.002
		processing begun of material:  Iron
			WARNING: unsupported node type(ShaderNodeMath) will trigger baking
			WARNING: Roughness channel baking required, but not possible, ignored
			processing texture smooth_metall
				WARNING: Exception during copy:
					'/home/casper/projects/Babylon/babylonKt-examples/example-experiment/src/main/resources/smooth_metall.png' and '/home/casper/projects/Babylon/babylonKt-examples/example-experiment/src/main/resources/smooth_metall.png' are the same file
				texture type:  value not meaningful 2, mapped using: "UVMap"
			bake time:  0 min, 0.0041 secs
		num positions      :  29
		num normals        :  29
		num tangents       :  0
		num uvs            :  58
		num uvs2           :  0
		num colors         :  0
		num indices        :  36
	processing begun of mesh:  Suzanne.002
		processing begun of material:  Iron
			WARNING: unsupported node type(ShaderNodeMath) will trigger baking
			WARNING: Roughness channel baking required, but not possible, ignored
			processing texture smooth_metall
				WARNING: Exception during copy:
					'/home/casper/projects/Babylon/babylonKt-examples/example-experiment/src/main/resources/smooth_metall.png' and '/home/casper/projects/Babylon/babylonKt-examples/example-experiment/src/main/resources/smooth_metall.png' are the same file
				texture type:  value not meaningful 2, mapped using: "UVMap"
			bake time:  0 min, 0.0073 secs
		num positions      :  2892
		num normals        :  2892
		num tangents       :  0
		num uvs            :  5784
		num uvs2           :  0
		num colors         :  0
		num indices        :  2904
	processing begun of mesh:  Cube.003
		processing begun of material:  Red
			WARNING: unsupported node type(ShaderNodeMath) will trigger baking
			WARNING: Roughness channel baking required, but not possible, ignored
			processing texture smooth_paint
				WARNING: Exception during copy:
					'/home/casper/projects/Babylon/babylonKt-examples/example-experiment/src/main/resources/smooth_paint.png' and '/home/casper/projects/Babylon/babylonKt-examples/example-experiment/src/main/resources/smooth_paint.png' are the same file
				texture type:  value not meaningful 2, mapped using: "UVMap"
			bake time:  0 min, 0.0042 secs
		num positions      :  29
		num normals        :  29
		num tangents       :  0
		num uvs            :  58
		num uvs2           :  0
		num colors         :  0
		num indices        :  36
	processing begun of mesh:  Suzanne.003
		processing begun of material:  Red
			WARNING: unsupported node type(ShaderNodeMath) will trigger baking
			WARNING: Roughness channel baking required, but not possible, ignored
			processing texture smooth_paint
				WARNING: Exception during copy:
					'/home/casper/projects/Babylon/babylonKt-examples/example-experiment/src/main/resources/smooth_paint.png' and '/home/casper/projects/Babylon/babylonKt-examples/example-experiment/src/main/resources/smooth_paint.png' are the same file
				texture type:  value not meaningful 2, mapped using: "UVMap"
			bake time:  0 min, 0.0049 secs
		num positions      :  2892
		num normals        :  2892
		num tangents       :  0
		num uvs            :  5784
		num uvs2           :  0
		num colors         :  0
		num indices        :  2904
	processing begun of mesh:  Cube.004
		processing begun of material:  Green
			WARNING: unsupported node type(ShaderNodeMath) will trigger baking
			WARNING: Roughness channel baking required, but not possible, ignored
			processing texture smooth_paint
				WARNING: Exception during copy:
					'/home/casper/projects/Babylon/babylonKt-examples/example-experiment/src/main/resources/smooth_paint.png' and '/home/casper/projects/Babylon/babylonKt-examples/example-experiment/src/main/resources/smooth_paint.png' are the same file
				texture type:  value not meaningful 2, mapped using: "UVMap"
			bake time:  0 min, 0.0049 secs
		num positions      :  29
		num normals        :  29
		num tangents       :  0
		num uvs            :  58
		num uvs2           :  0
		num colors         :  0
		num indices        :  36
	processing begun of mesh:  Suzanne.004
		processing begun of material:  Green
			WARNING: unsupported node type(ShaderNodeMath) will trigger baking
			WARNING: Roughness channel baking required, but not possible, ignored
			processing texture smooth_paint
				WARNING: Exception during copy:
					'/home/casper/projects/Babylon/babylonKt-examples/example-experiment/src/main/resources/smooth_paint.png' and '/home/casper/projects/Babylon/babylonKt-examples/example-experiment/src/main/resources/smooth_paint.png' are the same file
				texture type:  value not meaningful 2, mapped using: "UVMap"
			bake time:  0 min, 0.0089 secs
		num positions      :  2892
		num normals        :  2892
		num tangents       :  0
		num uvs            :  5784
		num uvs2           :  0
		num colors         :  0
		num indices        :  2904
	processing begun of mesh:  Cube.005
		processing begun of material:  Concrete
		registered as also a user of material:  Concrete
		num positions      :  29
		num normals        :  29
		num tangents       :  0
		num uvs            :  58
		num uvs2           :  0
		num colors         :  0
		num indices        :  36
	processing begun of mesh:  Suzanne.005
		processing begun of material:  Concrete
		registered as also a user of material:  Concrete
		num positions      :  2892
		num normals        :  2892
		num tangents       :  0
		num uvs            :  5784
		num uvs2           :  0
		num colors         :  0
		num indices        :  2904
	processing begun of mesh:  Cube.006
		processing begun of material:  BLACK
			WARNING: unsupported node type(ShaderNodeHoldout) will trigger baking
			bake time:  0 min, 0.0049 secs
		num positions      :  29
		num normals        :  29
		num tangents       :  0
		num uvs            :  58
		num uvs2           :  0
		num colors         :  0
		num indices        :  36
	processing begun of mesh:  Suzanne.006
		processing begun of material:  BLACK
			WARNING: unsupported node type(ShaderNodeHoldout) will trigger baking
			bake time:  0 min, 0.0066 secs
		num positions      :  2892
		num normals        :  2892
		num tangents       :  0
		num uvs            :  5784
		num uvs2           :  0
		num colors         :  0
		num indices        :  2904
	processing begun of mesh:  Icosphere.000
		processing begun of material:  Plastic
			WARNING: unsupported node type(ShaderNodeSubsurfaceScattering) will trigger baking
			bake time:  0 min, 0.0088 secs
		num positions      :  311
		num normals        :  311
		num tangents       :  0
		num uvs            :  622
		num uvs2           :  0
		num colors         :  0
		num indices        :  960
	processing begun of mesh:  Cube.007
		processing begun of material:  Plastic
			WARNING: unsupported node type(ShaderNodeSubsurfaceScattering) will trigger baking
			bake time:  0 min, 0.0041 secs
		num positions      :  29
		num normals        :  29
		num tangents       :  0
		num uvs            :  58
		num uvs2           :  0
		num colors         :  0
		num indices        :  36
	processing begun of mesh:  Suzanne.007
		processing begun of material:  Plastic
			WARNING: unsupported node type(ShaderNodeSubsurfaceScattering) will trigger baking
			bake time:  0 min, 0.0056 secs
		num positions      :  2892
		num normals        :  2892
		num tangents       :  0
		num uvs            :  5784
		num uvs2           :  0
		num colors         :  0
		num indices        :  2904
	processing begun of mesh:  Icosphere.002
		processing begun of material:  Material.001
			processing texture grass
				texture type:  diffuseTexture, mapped using: "UVMap"
		num positions      :  311
		num normals        :  311
		num tangents       :  0
		num uvs            :  622
		num uvs2           :  0
		num colors         :  0
		num indices        :  960
	processing begun of mesh:  Cube.008
		processing begun of material:  Material.001
		registered as also a user of material:  Material.001
		num positions      :  29
		num normals        :  29
		num tangents       :  0
		num uvs            :  58
		num uvs2           :  0
		num colors         :  0
		num indices        :  36
	processing begun of mesh:  Suzanne.008
		processing begun of material:  Material.001
		registered as also a user of material:  Material.001
		num positions      :  2892
		num normals        :  2892
		num tangents       :  0
		num uvs            :  5784
		num uvs2           :  0
		num colors         :  0
		num indices        :  2904
	processing begun of mesh:  Cube.009
		processing begun of material:  Anisotropy
			WARNING: unsupported node type(ShaderNodeBsdfAnisotropic) will trigger baking
			bake time:  0 min, 0.0044 secs
		num positions      :  29
		num normals        :  29
		num tangents       :  0
		num uvs            :  58
		num uvs2           :  0
		num colors         :  0
		num indices        :  36
	processing begun of mesh:  Suzanne.009
		processing begun of material:  Anisotropy
			WARNING: unsupported node type(ShaderNodeBsdfAnisotropic) will trigger baking
			bake time:  0 min, 0.0068 secs
		num positions      :  2892
		num normals        :  2892
		num tangents       :  0
		num uvs            :  5784
		num uvs2           :  0
		num colors         :  0
		num indices        :  2904
	processing begun of mesh:  Icosphere
		processing begun of material:  Anisotropy
			WARNING: unsupported node type(ShaderNodeBsdfAnisotropic) will trigger baking
			bake time:  0 min, 0.0044 secs
		num positions      :  88
		num normals        :  88
		num tangents       :  0
		num uvs            :  176
		num uvs2           :  0
		num colors         :  0
		num indices        :  240
	processing begun of light (DIRECTIONAL):  Point
========= Writing of JSON file started =========
	writing mesh:  Icosphere.012
	writing mesh:  Icosphere.001
	writing mesh:  Icosphere.004
	writing mesh:  Icosphere.008
	writing mesh:  Icosphere.011
	writing mesh:  Icosphere.015
	writing mesh:  Icosphere.016
	writing mesh:  Cube
	writing mesh:  Suzanne
	writing mesh:  Cube.001
	writing mesh:  Suzanne.001
	writing mesh:  Cube.002
	writing mesh:  Suzanne.002
	writing mesh:  Cube.003
	writing mesh:  Suzanne.003
	writing mesh:  Cube.004
	writing mesh:  Suzanne.004
	writing mesh:  Cube.005
	writing mesh:  Suzanne.005
	writing mesh:  Cube.006
	writing mesh:  Suzanne.006
	writing mesh:  Icosphere.000
	writing mesh:  Cube.007
	writing mesh:  Suzanne.007
	writing mesh:  Icosphere.002
	writing mesh:  Cube.008
	writing mesh:  Suzanne.008
	writing mesh:  Cube.009
	writing mesh:  Suzanne.009
	writing mesh:  Icosphere
========= Writing of JSON file completed =========
========= end of processing =========
elapsed time:  0 min, 1.8372 secs
