Exporter version: 6.3.0, Blender version: 2.81 (sub 16)
========= Conversion from Blender to Babylon.js =========
	Scene settings used :
		Inline textures     :  false
		Material Type       :  PBR
		Positions Precision :  4
		Normals Precision   :  3
		UVs Precision       :  3
		Vert Color Precision:  3
		Mat Weight Precision:  2
		Keep Z-up r-handed  :  no
		Texture directory   :  /home/casper/projects/Babylon/babylonKt-examples/example-experiment/src/main/resources/
	Python World class constructor completed
	processing begun of mesh:  Cylinder2
		processing begun of material:  BLACK
			processing texture black
				texture type:  diffuseTexture, mapped using: "UVMap"
		num positions      :  40
		num normals        :  40
		num tangents       :  0
		num uvs            :  80
		num uvs2           :  0
		num colors         :  0
		num indices        :  84
	processing begun of mesh:  Cube.004
		processing begun of material:  BLUE
			processing texture tex3
				texture type:  diffuseTexture, mapped using: "UVMap"
		num positions      :  69
		num normals        :  69
		num tangents       :  0
		num uvs            :  138
		num uvs2           :  0
		num colors         :  0
		num indices        :  84
	processing begun of mesh:  Cube.003
		processing begun of material:  BLUE
		registered as also a user of material:  BLUE
		num positions      :  51
		num normals        :  51
		num tangents       :  0
		num uvs            :  102
		num uvs2           :  0
		num colors         :  0
		num indices        :  60
	processing begun of mesh:  Cube.002
		processing begun of material:  BLUE
		registered as also a user of material:  BLUE
		num positions      :  51
		num normals        :  51
		num tangents       :  0
		num uvs            :  102
		num uvs2           :  0
		num colors         :  0
		num indices        :  60
	processing begun of mesh:  Nozzle1
		processing begun of material:  BLACK
		registered as also a user of material:  BLACK
		num positions      :  34
		num normals        :  34
		num tangents       :  0
		num uvs            :  68
		num uvs2           :  0
		num colors         :  0
		num indices        :  48
	processing begun of mesh:  SonarLeft
		processing begun of material:  SteelWhite
			processing texture white
				texture type:  diffuseTexture, mapped using: "UVMap"
		num positions      :  52
		num normals        :  52
		num tangents       :  0
		num uvs            :  104
		num uvs2           :  0
		num colors         :  0
		num indices        :  84
	processing begun of mesh:  SonarRight
		mesh is an instance of :  SonarLeft.  Processing halted.
	processing begun of mesh:  Nozzle2
		mesh is an instance of :  Nozzle1.  Processing halted.
	processing begun of mesh:  Nozzle3
		mesh is an instance of :  Nozzle1.  Processing halted.
	processing begun of mesh:  Nozzle4
		mesh is an instance of :  Nozzle1.  Processing halted.
	processing begun of mesh:  Cylinder3
		mesh is an instance of :  Cylinder2.  Processing halted.
	processing begun of mesh:  Cylinder1
		mesh is an instance of :  Cylinder2.  Processing halted.
	processing begun of mesh:  Cube.001
		processing begun of material:  GREEN
			processing texture tex2
				texture type:  diffuseTexture, mapped using: "UVMap"
		num positions      :  30
		num normals        :  30
		num tangents       :  0
		num uvs            :  60
		num uvs2           :  0
		num colors         :  0
		num indices        :  36
	processing begun of mesh:  Cube
		processing begun of material:  GREEN
		registered as also a user of material:  GREEN
		num positions      :  29
		num normals        :  29
		num tangents       :  0
		num uvs            :  58
		num uvs2           :  0
		num colors         :  0
		num indices        :  36
	processing begun of camera (UniversalCamera):  Camera
	processing begun of mesh:  BodyBase
		processing begun of material:  RED
			processing texture tex1
				texture type:  diffuseTexture, mapped using: "UVMap"
		num positions      :  145
		num normals        :  145
		num tangents       :  0
		num uvs            :  290
		num uvs2           :  0
		num colors         :  0
		num indices        :  180
	processing begun of light (POINT):  Point
========= Writing of JSON file started =========
	writing mesh:  Cylinder2
	writing mesh:  Cube.004
	writing mesh:  Cube.003
	writing mesh:  Cube.002
	writing mesh:  Nozzle1
	writing mesh:  SonarLeft
	writing mesh:  Cube.001
	writing mesh:  Cube
	writing mesh:  BodyBase
========= Writing of JSON file completed =========
========= end of processing =========
elapsed time:  0 min, 0.0418 secs
