Exporter version: 6.3.0, Blender version: 2.81 (sub 16)
========= Conversion from Blender to Babylon.js =========
	Scene settings used :
		Inline textures     :  false
		Material Type       :  PBR
		Positions Precision :  4
		Normals Precision   :  3
		UVs Precision       :  3
		Vert Color Precision:  3
		Mat Weight Precision:  2
		Keep Z-up r-handed  :  no
		Texture directory   :  /home/casper/projects/Babylon/babylonKt-examples/example-experiment/src/main/resources/
	Python World class constructor completed
	processing begun of mesh:  Cube.006
		processing begun of material:  Black
			processing texture black
				texture type:  diffuseTexture, mapped using: "UVMap"
		num positions      :  26
		num normals        :  26
		num tangents       :  0
		num uvs            :  52
		num uvs2           :  0
		num colors         :  0
		num indices        :  36
	processing begun of mesh:  Cube.004
		processing begun of material:  Material3
			processing texture tex3
				texture type:  diffuseTexture, mapped using: "UVMap"
		num positions      :  24
		num normals        :  24
		num tangents       :  0
		num uvs            :  48
		num uvs2           :  0
		num colors         :  0
		num indices        :  36
	processing begun of mesh:  Cube.003
		processing begun of material:  Material1
			processing texture tex1
				texture type:  diffuseTexture, mapped using: "UVMap"
		num positions      :  56
		num normals        :  56
		num tangents       :  0
		num uvs            :  112
		num uvs2           :  0
		num colors         :  0
		num indices        :  108
	processing begun of mesh:  Cube
		processing begun of material:  Material2
			processing texture tex2
				texture type:  diffuseTexture, mapped using: "UVMap"
		num positions      :  60
		num normals        :  60
		num tangents       :  0
		num uvs            :  120
		num uvs2           :  0
		num colors         :  0
		num indices        :  102
	processing begun of mesh:  Cube.000
		processing begun of material:  Material3
		registered as also a user of material:  Material3
		num positions      :  90
		num normals        :  90
		num tangents       :  0
		num uvs            :  180
		num uvs2           :  0
		num colors         :  0
		num indices        :  120
	processing begun of mesh:  Cube.002
		processing begun of material:  Material2
		registered as also a user of material:  Material2
		num positions      :  111
		num normals        :  111
		num tangents       :  0
		num uvs            :  222
		num uvs2           :  0
		num colors         :  0
		num indices        :  180
		WARNING: # of 0 area faces found:  4
	processing begun of mesh:  Cylinder
		processing begun of material:  Black
		registered as also a user of material:  Black
		num positions      :  58
		num normals        :  58
		num tangents       :  0
		num uvs            :  116
		num uvs2           :  0
		num colors         :  0
		num indices        :  132
	processing begun of mesh:  Cylinder.004
		processing begun of material:  Material3
		registered as also a user of material:  Material3
		num positions      :  58
		num normals        :  58
		num tangents       :  0
		num uvs            :  116
		num uvs2           :  0
		num colors         :  0
		num indices        :  132
	processing begun of mesh:  Plane
		animation processing begun
			processing action PlaneAction:  in[1 - 180], out[0 - 180]
		processing begun of material:  WHITE
			processing texture white
				texture type:  diffuseTexture, mapped using: "UVMap"
		num positions      :  256
		num normals        :  256
		num tangents       :  0
		num uvs            :  512
		num uvs2           :  0
		num colors         :  0
		num indices        :  756
	processing begun of camera (UniversalCamera):  Camera
	processing begun of mesh:  Cube.001
		mesh is an instance of :  Cube.000.  Processing halted.
	processing begun of light (POINT):  Lamp
========= Writing of JSON file started =========
	writing mesh:  Cube.006
	writing mesh:  Cube.004
	writing mesh:  Cube.003
	writing mesh:  Cube
	writing mesh:  Cube.000
	writing mesh:  Cube.002
	writing mesh:  Cylinder
	writing mesh:  Cylinder.004
	writing mesh:  Plane
========= Writing of JSON file completed =========
========= end of processing =========
elapsed time:  0 min, 0.0842 secs
